CachingBackend: Loading instances from cache
CachingBackend: Loading <Calendar1>
Creating new entry for CalendarScreenlet in /tmp/screenlets/screenlets.goffa.running
Loading instances in: /home/goffa/.config/Screenlets/Calendar/default/
File: Calendar1.ini
/home/goffa/.config/Screenlets/Calendar/default/Calendar1
LOAD NEW THEME: ryx
FOUND: /usr/share/screenlets/Calendar/themes/ryx
Set options in CalendarScreenlet
LOAD NEW THEME: ryx
FOUND: /usr/share/screenlets/Calendar/themes/ryx
Screenlet has been initialized.
Restored instances from session 'default' ...
OK
(0, 0, 0, 0.80000000000000004)
0.8
(1, 1, 1, 0.80000000000000004)
0.8
(0.5, 0.5, 0.5, 0.80000000000000004)
0.8
/home/goffa/.screenlets/Calendar/themes
Path /home/goffa/.screenlets/Calendar/themes not found.
/usr/share/screenlets/Calendar/themes
active theme is: ryx
OK
OK
Quitting current screenlet instance
[<CalendarScreenlet object at 0x8a3811c (screenlets+Screenlet at 0x897f5a0)>]
OK
