CachingBackend: Loading instances from cache
Creating new entry for ClearWeatherScreenlet in /tmp/screenlets/screenlets.goffa.running
Loading instances in: /home/goffa/.config/Screenlets/ClearWeather/default/
No instance(s) found in session-path, creating new one.
/home/goffa/.config/Screenlets/ClearWeather/default/ClearWeather1
LOAD NEW THEME: default
FOUND: /usr/share/screenlets/ClearWeather/themes/default
theme.conf found! Loading option-overrides.
theme.conf loaded: 
Name: Stardock weather icons
Author: Stardock Corporation
Version: 1.0
Info: These weather images are (c) 2003 by Stardock Corporation.  All rights reserved.
WARNING - add_default_menuitems and add_menuitems should be set in on_init ,menu values will be displayed incorrectly
WARNING - add_default_menuitems and add_menuitems should be set in on_init ,menu values will be displayed incorrectly
Screenlet has been initialized.
OK
(1, 1, 1, 0.80000000000000004)
0.8
(0, 0, 0, 0.80000000000000004)
0.8
/home/goffa/.screenlets/ClearWeather/themes
Path /home/goffa/.screenlets/ClearWeather/themes not found.
/usr/share/screenlets/ClearWeather/themes
active theme is: default
Changed: ZIP
Changed: ZIP
Changed: ZIP
Changed: ZIP
Changed: ZIP
Changed: ZIP
OK
OK
Changed: is_widget
OK
Changed: is_sticky
OK
OK
