CachingBackend: Loading instances from cache
Creating new entry for CompositeTogglerScreenlet in /tmp/screenlets/screenlets.goffa.running
Loading instances in: /home/goffa/.config/Screenlets/CompositeToggler/default/
No instance(s) found in session-path, creating new one.
/home/goffa/.config/Screenlets/CompositeToggler/default/CompositeToggler1
OK
mouse is over me
mouse leave
mouse is over me
mouse leave
mouse is over me
setting composite to true
mouse leave
mouse is over me
mouse leave
mouse is over me
setting composite to false
mouse leave
mouse is over me
setting composite to true
mouse leave
mouse is over me
mouse leave
OK
(1, 1, 1, 1)
1
(0, 0, 0, 0.59999999999999998)
0.6
/home/goffa/.screenlets/CompositeToggler/themes
Path /home/goffa/.screenlets/CompositeToggler/themes not found.
/usr/share/screenlets/CompositeToggler/themes
active theme is: default
mouse is over me
mouse leave
mouse is over me
mouse leave
mouse is over me
mouse leave
mouse is over me
setting composite to false
mouse leave
mouse is over me
mouse leave
OK
mouse is over me
mouse leave
mouse is over me
mouse leave
mouse is over me
mouse leave
