CachingBackend: Loading instances from cache
CachingBackend: Loading <Output1>
Creating new entry for OutputScreenlet in /tmp/screenlets/screenlets.goffa.running
Loading instances in: /home/goffa/.config/Screenlets/Output/default/
File: Output1.ini
/home/goffa/.config/Screenlets/Output/default/Output1
LOAD NEW THEME: default
FOUND: /usr/share/screenlets/Output/themes/default
theme.conf found! Loading option-overrides.
theme.conf loaded: 
Name: default
Author: Helder Fraga aka Whise
Version: 1.0
Info: default theme
Override: frame_color
WARNING: Option 'frame_color' not found or protected.
Override: shadow_color
WARNING: Option 'shadow_color' not found or protected.
Override: iner_frame_color
WARNING: Option 'iner_frame_color' not found or protected.
Override: text_color
WARNING: Option 'text_color' not found or protected.
Set options in OutputScreenlet
LOAD NEW THEME: default
FOUND: /usr/share/screenlets/Output/themes/default
theme.conf found! Loading option-overrides.
theme.conf loaded: 
Name: default
Author: Helder Fraga aka Whise
Version: 1.0
Info: default theme
Override: frame_color
Override: shadow_color
Override: iner_frame_color
Override: text_color
Restored instances from session 'default' ...
OK
