CachingBackend: Loading instances from cache
Creating new entry for PagerScreenlet in /tmp/screenlets/screenlets.goffa.running
Loading instances in: /home/goffa/.config/Screenlets/Pager/default/
No instance(s) found in session-path, creating new one.
/home/goffa/.config/Screenlets/Pager/default/Pager1
LOAD NEW THEME: default
FOUND: /usr/share/screenlets/Pager/themes/default
Screenlet has been initialized.
300.0
404
 Click on viewport x : 1
 Click on viewport y : 1
264.0
404
 Click on viewport x : 1
 Click on viewport y : 1
142.0
404
 Click on viewport x : 1
 Click on viewport y : 1
382.0
404
/home/goffa/.screenlets/Pager/themes
Path /home/goffa/.screenlets/Pager/themes not found.
/usr/share/screenlets/Pager/themes
active theme is: default
OK
Changed: is_sticky
state_changed: <flags WNCK_WINDOW_STATE_SKIP_PAGER | WNCK_WINDOW_STATE_SKIP_TASKLIST | WNCK_WINDOW_STATE_ABOVE of type WnckWindowState>
OK
OK
state_changed: <flags 0 of type WnckWindowState>
name_changed
window_closed: <wnck.Window object at 0x9cc1dc4 (WnckWindow at 0x9e0cf38)>
342.0
404
 Click on viewport x : 1
 Click on viewport y : 1
160.0
404
 Click on viewport x : 1
 Click on viewport y : 1
176.666666667
404
 Click on viewport x : 1
 Click on viewport y : 1
OK
240.0
404
 Click on viewport x : 1
 Click on viewport y : 1
290.0
404
 Click on viewport x : 1
 Click on viewport y : 1
236.666666667
404
 Click on viewport x : 1
 Click on viewport y : 1
123.333333333
404
 Click on viewport x : 1
 Click on viewport y : 1
70.0
404
 Click on viewport x : 1
 Click on viewport y : 1
70.0
404
 Click on viewport x : 1
 Click on viewport y : 1
190.0
404
 Click on viewport x : 1
 Click on viewport y : 1
190.0
404
 Click on viewport x : 1
 Click on viewport y : 1
OK
190.0
404
 Click on viewport x : 1
 Click on viewport y : 1
190.0
404
 Click on viewport x : 1
 Click on viewport y : 1
OK
100.0
404
 Click on viewport x : 1
 Click on viewport y : 1
OK
/home/goffa/.screenlets/Pager/themes
Path /home/goffa/.screenlets/Pager/themes not found.
/usr/share/screenlets/Pager/themes
active theme is: default
state_changed: <flags 0 of type WnckWindowState>
name_changed
window_closed: <wnck.Window object at 0x9cc1c0c (WnckWindow at 0x9e19000)>
73.3333333333
404
 Click on viewport x : 1
 Click on viewport y : 1
Quitting current screenlet instance
[<PagerScreenlet object at 0x9cbdbbc (screenlets+Screenlet at 0x9c88c00)>]
