CachingBackend: Loading instances from cache
Creating new entry for SmoothWeatherScreenlet in /tmp/screenlets/screenlets.goffa.running
Loading instances in: /home/goffa/.config/Screenlets/SmoothWeather/default/
No instance(s) found in session-path, creating new one.
/home/goffa/.config/Screenlets/SmoothWeather/default/SmoothWeather1
LOAD NEW THEME: default
FOUND: /home/goffa/.screenlets/SmoothWeather/themes/default
theme.conf found! Loading option-overrides.
theme.conf loaded: 
Name: Shiny Green
Author: Casey Trader (aka Swiftfeet)
Version: 1.0
Info: A green theme that uses the shiny icon set
WARNING - add_default_menuitems and add_menuitems should be set in on_init ,menu values will be displayed incorrectly
WARNING - add_default_menuitems and add_menuitems should be set in on_init ,menu values will be displayed incorrectly
WARNING - add_default_menuitems and add_menuitems should be set in on_init ,menu values will be displayed incorrectly
WARNING - add_default_menuitems and add_menuitems should be set in on_init ,menu values will be displayed incorrectly
WARNING - add_default_menuitems and add_menuitems should be set in on_init ,menu values will be displayed incorrectly
WARNING - add_default_menuitems and add_menuitems should be set in on_init ,menu values will be displayed incorrectly
/home/goffa/.screenlets/SmoothWeather/SmoothWeatherScreenlet.py
/home/goffa/.screenlets/SmoothWeather
OK
Button release
OK
OK
OK
[0.29999999999999999, 0.5, 0.59999999999999998, 1.0]
1.0
[1.0, 1.0, 1.0, 1.0]
1.0
/home/goffa/.screenlets/SmoothWeather/themes
active theme is: default
/usr/share/screenlets/SmoothWeather/themes
Path /usr/share/screenlets/SmoothWeather/themes not found.
Changed: show_error_message
OK
OK
